0 info it worked if it ends with ok
1 verbose cli [ '/app/node_modules/node/bin/node',
1 verbose cli   '/opt/nvm/versions/node/v8/bin/npm-real',
1 verbose cli   'install',
1 verbose cli   'pkg-config',
1 verbose cli   'cairo',
1 verbose cli   'libpng',
1 verbose cli   'jpeg',
1 verbose cli   'giflib' ]
2 info using npm@6.4.1
3 info using node@v11.6.0
4 verbose config Skipping project config: /app/.npmrc. (matches userconfig)
5 verbose npm-session 04a3b6893cbe5f18
6 silly install loadCurrentTree
7 silly install readLocalPackageData
8 http fetch GET 404 https://registry.npmjs.org/cairo 414ms
9 silly fetchPackageMetaData error for cairo@latest 404 Not Found: cairo@latest
10 http fetch GET 200 https://registry.npmjs.org/pkg-config 430ms
11 http fetch GET 404 https://registry.npmjs.org/libpng 431ms
12 silly fetchPackageMetaData error for libpng@latest 404 Not Found: libpng@latest
13 silly pacote tag manifest for pkg-config@latest fetched in 449ms
14 http fetch GET 200 https://registry.npmjs.org/jpeg 434ms
15 silly pacote tag manifest for jpeg@latest fetched in 437ms
16 http fetch GET 404 https://registry.npmjs.org/giflib 448ms
17 silly fetchPackageMetaData error for giflib@latest 404 Not Found: giflib@latest
18 timing stage:rollbackFailedOptional Completed in 1ms
19 timing stage:runTopLevelLifecycles Completed in 1078ms
20 verbose stack Error: 404 Not Found: cairo@latest
20 verbose stack     at fetch.then.res (/opt/nvm/versions/node/v8.14.0/lib/node_modules/npm/node_modules/pacote/lib/fetchers/registry/fetch.js:42:19)
20 verbose stack     at tryCatcher (/opt/nvm/versions/node/v8.14.0/lib/node_modules/npm/node_modules/bluebird/js/release/util.js:16:23)
20 verbose stack     at Promise._settlePromiseFromHandler (/opt/nvm/versions/node/v8.14.0/lib/node_modules/npm/node_modules/bluebird/js/release/promise.js:512:31)
20 verbose stack     at Promise._settlePromise (/opt/nvm/versions/node/v8.14.0/lib/node_modules/npm/node_modules/bluebird/js/release/promise.js:569:18)
20 verbose stack     at Promise._settlePromise0 (/opt/nvm/versions/node/v8.14.0/lib/node_modules/npm/node_modules/bluebird/js/release/promise.js:614:10)
20 verbose stack     at Promise._settlePromises (/opt/nvm/versions/node/v8.14.0/lib/node_modules/npm/node_modules/bluebird/js/release/promise.js:693:18)
20 verbose stack     at Async._drainQueue (/opt/nvm/versions/node/v8.14.0/lib/node_modules/npm/node_modules/bluebird/js/release/async.js:133:16)
20 verbose stack     at Async._drainQueues (/opt/nvm/versions/node/v8.14.0/lib/node_modules/npm/node_modules/bluebird/js/release/async.js:143:10)
20 verbose stack     at Immediate.Async.drainQueues [as _onImmediate] (/opt/nvm/versions/node/v8.14.0/lib/node_modules/npm/node_modules/bluebird/js/release/async.js:17:14)
20 verbose stack     at processImmediate (timers.js:632:19)
21 verbose cwd /app
22 verbose Linux 4.4.0-1066-aws
23 verbose argv "/app/node_modules/node/bin/node" "/opt/nvm/versions/node/v8/bin/npm-real" "install" "pkg-config" "cairo" "libpng" "jpeg" "giflib"
24 verbose node v11.6.0
25 verbose npm  v6.4.1
26 error code E404
27 error 404 Not Found: cairo@latest
28 verbose exit [ 1, true ]
